<?xml version="1.0" encoding="UTF-8"?>
<coverage generated="1491185980">
  <project timestamp="1491185980">
    <file name="/Users/mabook/Documents/usc/CS310/310-Project2/Backend/src/DataStoreClass.php">
      <class name="DataStoreClass" namespace="global">
        <metrics complexity="17" methods="10" coveredmethods="10" conditionals="0" coveredconditionals="0" statements="38" coveredstatements="38" elements="48" coveredelements="48"/>
      </class>
      <line num="6" type="stmt" count="2"/>
      <line num="7" type="stmt" count="2"/>
      <line num="9" type="stmt" count="2"/>
      <line num="18" type="method" name="__construct" visibility="public" complexity="1" crap="1" count="15"/>
      <line num="20" type="stmt" count="15"/>
      <line num="21" type="stmt" count="15"/>
      <line num="22" type="stmt" count="15"/>
      <line num="24" type="method" name="addPaper" visibility="public" complexity="2" crap="2" count="14"/>
      <line num="28" type="stmt" count="14"/>
      <line num="29" type="stmt" count="14"/>
      <line num="31" type="stmt" count="14"/>
      <line num="33" type="stmt" count="14"/>
      <line num="34" type="stmt" count="14"/>
      <line num="37" type="stmt" count="14"/>
      <line num="40" type="method" name="getWordStringToFrequencyMap" visibility="public" complexity="1" crap="1" count="1"/>
      <line num="42" type="stmt" count="1"/>
      <line num="45" type="method" name="addWordStringToFrequencyMap" visibility="public" complexity="2" crap="2" count="14"/>
      <line num="54" type="stmt" count="14"/>
      <line num="57" type="stmt" count="14"/>
      <line num="61" type="stmt" count="14"/>
      <line num="71" type="stmt" count="14"/>
      <line num="73" type="method" name="getWordStringToPapersListMap" visibility="public" complexity="1" crap="1" count="1"/>
      <line num="75" type="stmt" count="1"/>
      <line num="78" type="method" name="addWordStringToPapersListmap" visibility="public" complexity="2" crap="2" count="14"/>
      <line num="80" type="stmt" count="14"/>
      <line num="82" type="stmt" count="14"/>
      <line num="86" type="stmt" count="14"/>
      <line num="87" type="stmt" count="14"/>
      <line num="89" type="stmt" count="14"/>
      <line num="92" type="method" name="returnMostFrequentWords" visibility="public" complexity="3" crap="3" count="2"/>
      <line num="94" type="stmt" count="2"/>
      <line num="96" type="stmt" count="2"/>
      <line num="98" type="stmt" count="2"/>
      <line num="99" type="stmt" count="2"/>
      <line num="100" type="stmt" count="2"/>
      <line num="103" type="stmt" count="2"/>
      <line num="105" type="stmt" count="2"/>
      <line num="108" type="stmt" count="2"/>
      <line num="109" type="stmt" count="2"/>
      <line num="113" type="stmt" count="2"/>
      <line num="118" type="stmt" count="2"/>
      <line num="123" type="method" name="returnPapersListForWord" visibility="public" complexity="1" crap="1" count="2"/>
      <line num="125" type="stmt" count="2"/>
      <line num="129" type="method" name="returnPDFURL" visibility="public" complexity="2" crap="2" count="2"/>
      <line num="133" type="stmt" count="2"/>
      <line num="135" type="stmt" count="1"/>
      <line num="137" type="stmt" count="1"/>
      <line num="142" type="method" name="returnAbstract" visibility="public" complexity="2" crap="2" count="4"/>
      <line num="146" type="stmt" count="4"/>
      <line num="148" type="stmt" count="3"/>
      <line num="150" type="stmt" count="3"/>
      <metrics loc="167" ncloc="107" classes="1" methods="10" coveredmethods="10" conditionals="0" coveredconditionals="0" statements="41" coveredstatements="41" elements="51" coveredelements="51"/>
    </file>
    <file name="/Users/mabook/Documents/usc/CS310/310-Project2/Backend/src/MasterLinkClass.php">
      <class name="MasterLink" namespace="global">
        <metrics complexity="0" methods="0" coveredmethods="0" conditionals="0" coveredconditionals="0" statements="0" coveredstatements="0" elements="0" coveredelements="0"/>
      </class>
      <metrics loc="7" ncloc="7" classes="0" methods="0" coveredmethods="0" conditionals="0" coveredconditionals="0" statements="0" coveredstatements="0" elements="0" coveredelements="0"/>
    </file>
    <file name="/Users/mabook/Documents/usc/CS310/310-Project2/Backend/src/PDFDownloaderClass.php">
      <class name="PDFDownloader" namespace="global">
        <metrics complexity="1" methods="1" coveredmethods="1" conditionals="0" coveredconditionals="0" statements="8" coveredstatements="8" elements="9" coveredelements="9"/>
      </class>
      <line num="6" type="method" name="downloadPDF" visibility="public" complexity="1" crap="1" count="28"/>
      <line num="8" type="stmt" count="28"/>
      <line num="10" type="stmt" count="28"/>
      <line num="11" type="stmt" count="28"/>
      <line num="12" type="stmt" count="28"/>
      <line num="14" type="stmt" count="28"/>
      <line num="16" type="stmt" count="28"/>
      <line num="18" type="stmt" count="28"/>
      <line num="19" type="stmt" count="28"/>
      <metrics loc="21" ncloc="21" classes="1" methods="1" coveredmethods="1" conditionals="0" coveredconditionals="0" statements="8" coveredstatements="8" elements="9" coveredelements="9"/>
    </file>
    <file name="/Users/mabook/Documents/usc/CS310/310-Project2/Backend/src/PDFParserClass.php">
      <class name="PDFParser" namespace="global">
        <metrics complexity="1" methods="1" coveredmethods="1" conditionals="0" coveredconditionals="0" statements="4" coveredstatements="4" elements="5" coveredelements="5"/>
      </class>
      <line num="8" type="stmt" count="14"/>
      <line num="9" type="stmt" count="14"/>
      <line num="10" type="stmt" count="14"/>
      <line num="15" type="method" name="convertPDFToText" visibility="public" complexity="1" crap="1" count="14"/>
      <line num="17" type="stmt" count="14"/>
      <line num="18" type="stmt" count="14"/>
      <line num="25" type="stmt" count="14"/>
      <line num="28" type="stmt" count="14"/>
      <metrics loc="31" ncloc="23" classes="1" methods="1" coveredmethods="1" conditionals="0" coveredconditionals="0" statements="7" coveredstatements="7" elements="8" coveredelements="8"/>
    </file>
    <file name="/Users/mabook/Documents/usc/CS310/310-Project2/Backend/src/WebCrawler.php">
      <class name="WebCrawler" namespace="global">
        <metrics complexity="9" methods="3" coveredmethods="0" conditionals="0" coveredconditionals="0" statements="47" coveredstatements="0" elements="50" coveredelements="0"/>
      </class>
      <line num="9" type="method" name="__construct" visibility="public" complexity="1" crap="2" count="0"/>
      <line num="11" type="stmt" count="0"/>
      <line num="12" type="stmt" count="0"/>
      <line num="14" type="method" name="getContent" complexity="3" crap="12" count="0"/>
      <line num="16" type="stmt" count="0"/>
      <line num="18" type="stmt" count="0"/>
      <line num="19" type="stmt" count="0"/>
      <line num="21" type="stmt" count="0"/>
      <line num="22" type="stmt" count="0"/>
      <line num="23" type="stmt" count="0"/>
      <line num="24" type="stmt" count="0"/>
      <line num="25" type="stmt" count="0"/>
      <line num="26" type="stmt" count="0"/>
      <line num="27" type="stmt" count="0"/>
      <line num="30" type="stmt" count="0"/>
      <line num="36" type="stmt" count="0"/>
      <line num="40" type="stmt" count="0"/>
      <line num="42" type="stmt" count="0"/>
      <line num="44" type="stmt" count="0"/>
      <line num="46" type="stmt" count="0"/>
      <line num="47" type="stmt" count="0"/>
      <line num="48" type="stmt" count="0"/>
      <line num="49" type="stmt" count="0"/>
      <line num="50" type="stmt" count="0"/>
      <line num="51" type="stmt" count="0"/>
      <line num="52" type="stmt" count="0"/>
      <line num="57" type="stmt" count="0"/>
      <line num="62" type="stmt" count="0"/>
      <line num="65" type="stmt" count="0"/>
      <line num="69" type="method" name="getPaperContent" complexity="5" crap="30" count="0"/>
      <line num="72" type="stmt" count="0"/>
      <line num="75" type="stmt" count="0"/>
      <line num="76" type="stmt" count="0"/>
      <line num="77" type="stmt" count="0"/>
      <line num="78" type="stmt" count="0"/>
      <line num="80" type="stmt" count="0"/>
      <line num="84" type="stmt" count="0"/>
      <line num="86" type="stmt" count="0"/>
      <line num="87" type="stmt" count="0"/>
      <line num="88" type="stmt" count="0"/>
      <line num="91" type="stmt" count="0"/>
      <line num="94" type="stmt" count="0"/>
      <line num="95" type="stmt" count="0"/>
      <line num="97" type="stmt" count="0"/>
      <line num="104" type="stmt" count="0"/>
      <line num="105" type="stmt" count="0"/>
      <line num="109" type="stmt" count="0"/>
      <line num="110" type="stmt" count="0"/>
      <line num="111" type="stmt" count="0"/>
      <line num="122" type="stmt" count="0"/>
      <metrics loc="128" ncloc="76" classes="1" methods="3" coveredmethods="0" conditionals="0" coveredconditionals="0" statements="47" coveredstatements="0" elements="50" coveredelements="0"/>
    </file>
    <file name="/Users/mabook/Documents/usc/CS310/310-Project2/Backend/src/data/PaperClass.php">
      <class name="Paper" namespace="global">
        <metrics complexity="10" methods="9" coveredmethods="9" conditionals="0" coveredconditionals="0" statements="24" coveredstatements="24" elements="33" coveredelements="33"/>
      </class>
      <line num="14" type="method" name="__construct" visibility="public" complexity="2" crap="2" count="28"/>
      <line num="16" type="stmt" count="28"/>
      <line num="18" type="stmt" count="28"/>
      <line num="20" type="stmt" count="20"/>
      <line num="24" type="stmt" count="8"/>
      <line num="27" type="stmt" count="28"/>
      <line num="28" type="stmt" count="28"/>
      <line num="32" type="stmt" count="28"/>
      <line num="33" type="stmt" count="28"/>
      <line num="35" type="stmt" count="28"/>
      <line num="37" type="stmt" count="28"/>
      <line num="38" type="stmt" count="28"/>
      <line num="49" type="stmt" count="28"/>
      <line num="52" type="method" name="getPaperName" visibility="public" complexity="1" crap="1" count="3"/>
      <line num="54" type="stmt" count="3"/>
      <line num="57" type="method" name="setPaperName" visibility="public" complexity="1" crap="1" count="1"/>
      <line num="59" type="stmt" count="1"/>
      <line num="60" type="stmt" count="1"/>
      <line num="62" type="method" name="getAuthorNames" visibility="public" complexity="1" crap="1" count="5"/>
      <line num="64" type="stmt" count="5"/>
      <line num="67" type="method" name="addAuthorName" visibility="public" complexity="1" crap="1" count="3"/>
      <line num="69" type="stmt" count="3"/>
      <line num="70" type="stmt" count="3"/>
      <line num="72" type="method" name="getPDFURLLink" visibility="public" complexity="1" crap="1" count="3"/>
      <line num="74" type="stmt" count="3"/>
      <line num="77" type="method" name="setPDFURLLink" visibility="public" complexity="1" crap="1" count="1"/>
      <line num="79" type="stmt" count="1"/>
      <line num="80" type="stmt" count="1"/>
      <line num="82" type="method" name="getAbstract" visibility="public" complexity="1" crap="1" count="2"/>
      <line num="84" type="stmt" count="2"/>
      <line num="87" type="method" name="setAbstract" visibility="public" complexity="1" crap="1" count="1"/>
      <line num="89" type="stmt" count="1"/>
      <line num="90" type="stmt" count="1"/>
      <metrics loc="92" ncloc="68" classes="1" methods="9" coveredmethods="9" conditionals="0" coveredconditionals="0" statements="24" coveredstatements="24" elements="33" coveredelements="33"/>
    </file>
    <file name="/Users/mabook/Documents/usc/CS310/310-Project2/Backend/src/main.php">
      <line num="2" type="stmt" count="0"/>
      <line num="5" type="stmt" count="0"/>
      <line num="9" type="stmt" count="0"/>
      <line num="12" type="stmt" count="0"/>
      <line num="13" type="stmt" count="0"/>
      <metrics loc="13" ncloc="9" classes="0" methods="0" coveredmethods="0" conditionals="0" coveredconditionals="0" statements="5" coveredstatements="0" elements="5" coveredelements="0"/>
    </file>
    <file name="/Users/mabook/Documents/usc/CS310/310-Project2/Backend/src/pdf2text.php">
      <class name="PDF2Text" namespace="global">
        <metrics complexity="56" methods="6" coveredmethods="2" conditionals="0" coveredconditionals="0" statements="137" coveredstatements="124" elements="143" coveredelements="126"/>
      </class>
      <line num="31" type="method" name="parseFile" visibility="public" complexity="1" crap="1" count="14"/>
      <line num="33" type="stmt" count="14"/>
      <line num="34" type="stmt" count="14"/>
      <line num="42" type="method" name="parseContent" visibility="public" complexity="1" crap="2" count="0"/>
      <line num="44" type="stmt" count="0"/>
      <line num="52" type="method" name="extractText" visibility="protected" complexity="11" crap="11" count="14"/>
      <line num="58" type="stmt" count="14"/>
      <line num="59" type="stmt" count="14"/>
      <line num="60" type="stmt" count="14"/>
      <line num="66" type="stmt" count="14"/>
      <line num="67" type="stmt" count="14"/>
      <line num="68" type="stmt" count="14"/>
      <line num="69" type="stmt" count="14"/>
      <line num="70" type="stmt" count="14"/>
      <line num="71" type="stmt" count="14"/>
      <line num="72" type="stmt" count="14"/>
      <line num="74" type="stmt" count="14"/>
      <line num="77" type="stmt" count="14"/>
      <line num="79" type="stmt" count="14"/>
      <line num="81" type="stmt" count="14"/>
      <line num="83" type="stmt" count="14"/>
      <line num="85" type="stmt" count="14"/>
      <line num="87" type="stmt" count="14"/>
      <line num="89" type="stmt" count="14"/>
      <line num="91" type="stmt" count="14"/>
      <line num="100" type="stmt" count="14"/>
      <line num="101" type="stmt" count="0"/>
      <line num="104" type="stmt" count="14"/>
      <line num="105" type="stmt" count="14"/>
      <line num="106" type="stmt" count="14"/>
      <line num="109" type="method" name="extractTextElements" visibility="protected" complexity="31" crap="31.93" count="14"/>
      <line num="111" type="stmt" count="14"/>
      <line num="112" type="stmt" count="14"/>
      <line num="114" type="stmt" count="14"/>
      <line num="115" type="stmt" count="14"/>
      <line num="116" type="stmt" count="14"/>
      <line num="117" type="stmt" count="14"/>
      <line num="118" type="stmt" count="14"/>
      <line num="120" type="stmt" count="14"/>
      <line num="121" type="stmt" count="14"/>
      <line num="123" type="stmt" count="14"/>
      <line num="124" type="stmt" count="14"/>
      <line num="125" type="stmt" count="14"/>
      <line num="126" type="stmt" count="14"/>
      <line num="127" type="stmt" count="14"/>
      <line num="129" type="stmt" count="0"/>
      <line num="131" type="stmt" count="14"/>
      <line num="135" type="stmt" count="14"/>
      <line num="136" type="stmt" count="14"/>
      <line num="138" type="stmt" count="14"/>
      <line num="139" type="stmt" count="14"/>
      <line num="140" type="stmt" count="14"/>
      <line num="141" type="stmt" count="14"/>
      <line num="145" type="stmt" count="14"/>
      <line num="147" type="stmt" count="14"/>
      <line num="148" type="stmt" count="14"/>
      <line num="153" type="stmt" count="14"/>
      <line num="154" type="stmt" count="0"/>
      <line num="156" type="stmt" count="14"/>
      <line num="157" type="stmt" count="14"/>
      <line num="158" type="stmt" count="14"/>
      <line num="159" type="stmt" count="14"/>
      <line num="160" type="stmt" count="14"/>
      <line num="161" type="stmt" count="14"/>
      <line num="163" type="stmt" count="14"/>
      <line num="164" type="stmt" count="14"/>
      <line num="166" type="stmt" count="14"/>
      <line num="168" type="stmt" count="14"/>
      <line num="169" type="stmt" count="14"/>
      <line num="170" type="stmt" count="14"/>
      <line num="171" type="stmt" count="14"/>
      <line num="172" type="stmt" count="14"/>
      <line num="174" type="stmt" count="14"/>
      <line num="176" type="stmt" count="14"/>
      <line num="177" type="stmt" count="14"/>
      <line num="178" type="stmt" count="14"/>
      <line num="180" type="stmt" count="14"/>
      <line num="181" type="stmt" count="14"/>
      <line num="182" type="stmt" count="14"/>
      <line num="183" type="stmt" count="14"/>
      <line num="184" type="stmt" count="14"/>
      <line num="186" type="stmt" count="14"/>
      <line num="187" type="stmt" count="14"/>
      <line num="188" type="stmt" count="14"/>
      <line num="189" type="stmt" count="14"/>
      <line num="190" type="stmt" count="14"/>
      <line num="192" type="stmt" count="14"/>
      <line num="194" type="stmt" count="14"/>
      <line num="196" type="stmt" count="14"/>
      <line num="198" type="stmt" count="14"/>
      <line num="199" type="stmt" count="0"/>
      <line num="201" type="stmt" count="14"/>
      <line num="202" type="stmt" count="0"/>
      <line num="204" type="stmt" count="14"/>
      <line num="205" type="stmt" count="0"/>
      <line num="207" type="stmt" count="14"/>
      <line num="208" type="stmt" count="0"/>
      <line num="210" type="stmt" count="14"/>
      <line num="211" type="stmt" count="0"/>
      <line num="212" type="stmt" count="0"/>
      <line num="214" type="stmt" count="14"/>
      <line num="215" type="stmt" count="14"/>
      <line num="216" type="stmt" count="14"/>
      <line num="217" type="stmt" count="14"/>
      <line num="219" type="stmt" count="14"/>
      <line num="221" type="stmt" count="14"/>
      <line num="222" type="stmt" count="14"/>
      <line num="223" type="stmt" count="14"/>
      <line num="224" type="stmt" count="14"/>
      <line num="225" type="stmt" count="14"/>
      <line num="228" type="stmt" count="14"/>
      <line num="229" type="stmt" count="14"/>
      <line num="239" type="method" name="parseTextCommand" visibility="protected" complexity="7" crap="7.17" count="14"/>
      <line num="240" type="stmt" count="14"/>
      <line num="241" type="stmt" count="14"/>
      <line num="242" type="stmt" count="14"/>
      <line num="244" type="stmt" count="14"/>
      <line num="245" type="stmt" count="0"/>
      <line num="247" type="stmt" count="14"/>
      <line num="248" type="stmt" count="14"/>
      <line num="249" type="stmt" count="0"/>
      <line num="251" type="stmt" count="14"/>
      <line num="254" type="stmt" count="14"/>
      <line num="255" type="stmt" count="14"/>
      <line num="256" type="stmt" count="14"/>
      <line num="257" type="stmt" count="14"/>
      <line num="258" type="stmt" count="14"/>
      <line num="260" type="stmt" count="14"/>
      <line num="263" type="stmt" count="14"/>
      <line num="264" type="stmt" count="0"/>
      <line num="267" type="stmt" count="14"/>
      <line num="268" type="stmt" count="14"/>
      <line num="270" type="stmt" count="14"/>
      <line num="280" type="method" name="getDataArray" visibility="protected" complexity="5" crap="5" count="14"/>
      <line num="282" type="stmt" count="14"/>
      <line num="283" type="stmt" count="14"/>
      <line num="284" type="stmt" count="14"/>
      <line num="285" type="stmt" count="14"/>
      <line num="286" type="stmt" count="14"/>
      <line num="287" type="stmt" count="14"/>
      <line num="288" type="stmt" count="14"/>
      <line num="290" type="stmt" count="14"/>
      <line num="293" type="stmt" count="14"/>
      <metrics loc="294" ncloc="158" classes="1" methods="6" coveredmethods="2" conditionals="0" coveredconditionals="0" statements="137" coveredstatements="124" elements="143" coveredelements="126"/>
    </file>
    <metrics files="8" loc="753" ncloc="469" classes="6" methods="30" coveredmethods="23" conditionals="0" coveredconditionals="0" statements="269" coveredstatements="204" elements="299" coveredelements="227"/>
  </project>
</coverage>
